

Microchip MPLAB XC8 Assembler V2.32 build 20210201212658 
                                                                                               Wed Sep 08 22:24:48 2021

Microchip MPLAB XC8 C Compiler v2.32 (Free license) build 20210201212658 Og1 
     1                           	processor	18F4550
     2                           	fnconf	rparam,??,?,0
     3                           	pagewidth 120
     4                           	opt	flic
     5                           	psect	smallconst,global,reloc=2,class=SMALLCONST,delta=1,noexec
     6                           	psect	cinit,global,reloc=2,class=CODE,delta=1
     7                           	psect	cstackCOMRAM,global,class=COMRAM,space=1,delta=1,lowdata,noexec
     8                           	psect	text0,global,reloc=2,class=CODE,delta=1
     9                           	psect	text1,global,reloc=2,class=CODE,delta=1
    10                           	psect	text2,global,reloc=2,class=CODE,delta=1
    11                           	psect	intsave_regs,global,class=BIGRAM,space=1,delta=1,noexec
    12                           	psect	rparam,global,class=COMRAM,space=1,delta=1,noexec
    13                           	psect	idloc,global,abs,ovrld,class=IDLOC,space=5,delta=1,noexec
    14                           	psect	config,global,abs,ovrld,class=CONFIG,space=4,delta=1,noexec
    15  0000                     
    16                           ; Version 2.20
    17                           ; Generated 12/02/2020 GMT
    18                           ; 
    19                           ; Copyright © 2020, Microchip Technology Inc. and its subsidiaries ("Microchip")
    20                           ; All rights reserved.
    21                           ; 
    22                           ; This software is developed by Microchip Technology Inc. and its subsidiaries ("Microch
      +                          ip").
    23                           ; 
    24                           ; Redistribution and use in source and binary forms, with or without modification, are
    25                           ; permitted provided that the following conditions are met:
    26                           ; 
    27                           ;     1. Redistributions of source code must retain the above copyright notice, this lis
      +                          t of
    28                           ;        conditions and the following disclaimer.
    29                           ; 
    30                           ;     2. Redistributions in binary form must reproduce the above copyright notice, this 
      +                          list
    31                           ;        of conditions and the following disclaimer in the documentation and/or other
    32                           ;        materials provided with the distribution.
    33                           ; 
    34                           ;     3. Microchip's name may not be used to endorse or promote products derived from th
      +                          is
    35                           ;        software without specific prior written permission.
    36                           ; 
    37                           ; THIS SOFTWARE IS PROVIDED BY MICROCHIP "AS IS" AND ANY EXPRESS OR IMPLIED WARRANTIES,
    38                           ; INCLUDING, BUT NOT LIMITED TO, THE IMPLIED WARRANTIES OF MERCHANTABILITY AND FITNESS F
      +                          OR
    39                           ; PURPOSE ARE DISCLAIMED.  IN NO EVENT SHALL MICROCHIP BE LIABLE FOR ANY DIRECT, INDIREC
      +                          T,
    40                           ; INCIDENTAL, SPECIAL, EXEMPLARY, OR CONSEQUENTIAL DAMAGES (INCLUDING BUT NOT LIMITED TO
    41                           ; PROCUREMENT OF SUBSTITUTE GOODS OR SERVICES; LOSS OF USE, DATA OR PROFITS; OR BUSINESS
    42                           ; INTERRUPTION) HOWSOEVER CAUSED AND ON ANY THEORY OF LIABILITY, WHETHER IN CONTRACT, ST
      +                          RICT
    43                           ; LIABILITY, OR TORT (INCLUDING NEGLIGENCE OR OTHERWISE) ARISING IN ANY WAY OUT OF THE U
      +                          SE OF
    44                           ; THIS SOFTWARE, EVEN IF ADVISED OF THE POSSIBILITY OF SUCH DAMAGE.
    45                           ; 
    46                           ; 
    47                           ; Code-generator required, PIC18F4550 Definitions
    48                           ; 
    49                           ; SFR Addresses
    50  0000                     _INTCON2bits	set	4081
    51  0000                     _TRISD	set	3989
    52  0000                     _TRISC	set	3988
    53  0000                     _TRISB	set	3987
    54  0000                     _TRISA	set	3986
    55  0000                     _TRISE	set	3990
    56  0000                     _LATC	set	3979
    57  0000                     _LATB	set	3978
    58  0000                     _LATA	set	3977
    59  0000                     _LATD	set	3980
    60  0000                     _LATE	set	3981
    61  0000                     _LATBbits	set	3978
    62  0000                     _LATAbits	set	3977
    63  0000                     _INTCONbits	set	4082
    64                           
    65                           	psect	smallconst
    66  000800                     __psmallconst:
    67                           	callstack 0
    68  000800  00                 	db	0
    69  000801  20                 	db	32
    70  000802  67                 	db	103	;'g'
    71  000803  6F                 	db	111	;'o'
    72  000804  74                 	db	116	;'t'
    73  000805  6F                 	db	111	;'o'
    74  000806  20                 	db	32
    75  000807  5F                 	db	95	;'_'
    76  000808  73                 	db	115	;'s'
    77  000809  74                 	db	116	;'t'
    78  00080A  61                 	db	97	;'a'
    79  00080B  72                 	db	114	;'r'
    80  00080C  74                 	db	116	;'t'
    81  00080D  75                 	db	117	;'u'
    82  00080E  70                 	db	112	;'p'
    83  00080F  00                 	db	0
    84  000810  00                 	db	0	; dummy byte at the end
    85  0000                     
    86                           ; #config settings
    87                           
    88                           	psect	cinit
    89  0008EC                     __pcinit:
    90                           	callstack 0
    91  0008EC                     start_initialization:
    92                           	callstack 0
    93  0008EC                     __initialization:
    94                           	callstack 0
    95  0008EC                     end_of_initialization:
    96                           	callstack 0
    97  0008EC                     __end_of__initialization:
    98                           	callstack 0
    99  0008EC  0E00               	movlw	low (__Lsmallconst shr (0+16))
   100  0008EE  6EF8               	movwf	tblptru,c
   101  0008F0  0E08               	movlw	high __Lsmallconst
   102  0008F2  6EF7               	movwf	tblptrh,c
   103  0008F4  0100               	movlb	0
   104  0008F6  EF09  F004         	goto	_main	;jump to C main() function
   105                           
   106                           	psect	cstackCOMRAM
   107  000001                     __pcstackCOMRAM:
   108                           	callstack 0
   109  000001                     ??_main:
   110  000001                     
   111                           ; 1 bytes @ 0x0
   112  000001                     	ds	2
   113                           
   114 ;;
   115 ;;Main: autosize = 0, tempsize = 2, incstack = 0, save=0
   116 ;;
   117 ;; *************** function _main *****************
   118 ;; Defined at:
   119 ;;		line 75 in file "main.c"
   120 ;; Parameters:    Size  Location     Type
   121 ;;		None
   122 ;; Auto vars:     Size  Location     Type
   123 ;;		None
   124 ;; Return value:  Size  Location     Type
   125 ;;                  1    wreg      void 
   126 ;; Registers used:
   127 ;;		wreg, status,2, status,0, cstack
   128 ;; Tracked objects:
   129 ;;		On entry : 0/0
   130 ;;		On exit  : 0/0
   131 ;;		Unchanged: 0/0
   132 ;; Data sizes:     COMRAM   BANK0   BANK1   BANK2   BANK3   BANK4   BANK5   BANK6   BANK7
   133 ;;      Params:         0       0       0       0       0       0       0       0       0
   134 ;;      Locals:         0       0       0       0       0       0       0       0       0
   135 ;;      Temps:          2       0       0       0       0       0       0       0       0
   136 ;;      Totals:         2       0       0       0       0       0       0       0       0
   137 ;;Total ram usage:        2 bytes
   138 ;; Hardware stack levels required when called: 2
   139 ;; This function calls:
   140 ;;		_SYSTEM_Initialize
   141 ;; This function is called by:
   142 ;;		Startup code after reset
   143 ;; This function uses a non-reentrant model
   144 ;;
   145                           
   146                           	psect	text0
   147  000812                     __ptext0:
   148                           	callstack 0
   149  000812                     _main:
   150                           	callstack 29
   151  000812  EC7D  F004         	call	_SYSTEM_Initialize	;wreg free
   152  000816  8EF2               	bsf	242,7,c	;volatile
   153  000818                     l759:
   154  000818  B089               	btfsc	137,0,c	;volatile
   155  00081A  EF11  F004         	goto	u11
   156  00081E  EF14  F004         	goto	u10
   157  000822                     u11:
   158  000822  0E01               	movlw	1
   159  000824  EF15  F004         	goto	u16
   160  000828                     u10:
   161  000828  0E00               	movlw	0
   162  00082A                     u16:
   163  00082A  0AFF               	xorlw	255
   164  00082C  6E01               	movwf	??_main^0,c
   165  00082E  5089               	movf	137,w,c	;volatile
   166  000830  1801               	xorwf	??_main^0,w,c
   167  000832  0BFE               	andlw	-2
   168  000834  1801               	xorwf	??_main^0,w,c
   169  000836  6E89               	movwf	137,c	;volatile
   170  000838  B28A               	btfsc	138,1,c	;volatile
   171  00083A  EF21  F004         	goto	u21
   172  00083E  EF24  F004         	goto	u20
   173  000842                     u21:
   174  000842  0E01               	movlw	1
   175  000844  EF25  F004         	goto	u26
   176  000848                     u20:
   177  000848  0E00               	movlw	0
   178  00084A                     u26:
   179  00084A  0AFF               	xorlw	255
   180  00084C  6E01               	movwf	??_main^0,c
   181  00084E  4601               	rlncf	??_main^0,f,c
   182  000850  508A               	movf	138,w,c	;volatile
   183  000852  1801               	xorwf	??_main^0,w,c
   184  000854  0BFD               	andlw	-3
   185  000856  1801               	xorwf	??_main^0,w,c
   186  000858  6E8A               	movwf	138,c	;volatile
   187  00085A  B48A               	btfsc	138,2,c	;volatile
   188  00085C  EF32  F004         	goto	u31
   189  000860  EF35  F004         	goto	u30
   190  000864                     u31:
   191  000864  0E01               	movlw	1
   192  000866  EF36  F004         	goto	u36
   193  00086A                     u30:
   194  00086A  0E00               	movlw	0
   195  00086C                     u36:
   196  00086C  0AFF               	xorlw	255
   197  00086E  6E01               	movwf	??_main^0,c
   198  000870  4601               	rlncf	??_main^0,f,c
   199  000872  4601               	rlncf	??_main^0,f,c
   200  000874  508A               	movf	138,w,c	;volatile
   201  000876  1801               	xorwf	??_main^0,w,c
   202  000878  0BFB               	andlw	-5
   203  00087A  1801               	xorwf	??_main^0,w,c
   204  00087C  6E8A               	movwf	138,c	;volatile
   205  00087E  B68A               	btfsc	138,3,c	;volatile
   206  000880  EF44  F004         	goto	u41
   207  000884  EF47  F004         	goto	u40
   208  000888                     u41:
   209  000888  0E01               	movlw	1
   210  00088A  EF48  F004         	goto	u46
   211  00088E                     u40:
   212  00088E  0E00               	movlw	0
   213  000890                     u46:
   214  000890  0AFF               	xorlw	255
   215  000892  6E01               	movwf	??_main^0,c
   216  000894  4601               	rlncf	??_main^0,f,c
   217  000896  4601               	rlncf	??_main^0,f,c
   218  000898  4601               	rlncf	??_main^0,f,c
   219  00089A  508A               	movf	138,w,c	;volatile
   220  00089C  1801               	xorwf	??_main^0,w,c
   221  00089E  0BF7               	andlw	-9
   222  0008A0  1801               	xorwf	??_main^0,w,c
   223  0008A2  6E8A               	movwf	138,c	;volatile
   224  0008A4                     
   225                           ;main.c: 106:         _delay((unsigned long)((2000)*(20000000/4000.0)));
   226  0008A4  0E33               	movlw	51
   227  0008A6  6E02               	movwf	(??_main+1)^0,c
   228  0008A8  0EBB               	movlw	187
   229  0008AA  6E01               	movwf	??_main^0,c
   230  0008AC  0EE0               	movlw	224
   231  0008AE                     u57:
   232  0008AE  2EE8               	decfsz	wreg,f,c
   233  0008B0  D7FE               	bra	u57
   234  0008B2  2E01               	decfsz	??_main^0,f,c
   235  0008B4  D7FC               	bra	u57
   236  0008B6  2E02               	decfsz	(??_main+1)^0,f,c
   237  0008B8  D7FA               	bra	u57
   238  0008BA  EF0C  F004         	goto	l759
   239  0008BE  EF00  F000         	goto	start
   240  0008C2                     __end_of_main:
   241                           	callstack 0
   242                           
   243 ;; *************** function _SYSTEM_Initialize *****************
   244 ;; Defined at:
   245 ;;		line 50 in file "mcc.c"
   246 ;; Parameters:    Size  Location     Type
   247 ;;		None
   248 ;; Auto vars:     Size  Location     Type
   249 ;;		None
   250 ;; Return value:  Size  Location     Type
   251 ;;                  1    wreg      void 
   252 ;; Registers used:
   253 ;;		wreg, status,2, cstack
   254 ;; Tracked objects:
   255 ;;		On entry : 0/0
   256 ;;		On exit  : 0/0
   257 ;;		Unchanged: 0/0
   258 ;; Data sizes:     COMRAM   BANK0   BANK1   BANK2   BANK3   BANK4   BANK5   BANK6   BANK7
   259 ;;      Params:         0       0       0       0       0       0       0       0       0
   260 ;;      Locals:         0       0       0       0       0       0       0       0       0
   261 ;;      Temps:          0       0       0       0       0       0       0       0       0
   262 ;;      Totals:         0       0       0       0       0       0       0       0       0
   263 ;;Total ram usage:        0 bytes
   264 ;; Hardware stack levels used: 1
   265 ;; Hardware stack levels required when called: 1
   266 ;; This function calls:
   267 ;;		_PIN_MANAGER_Initialize
   268 ;; This function is called by:
   269 ;;		_main
   270 ;; This function uses a non-reentrant model
   271 ;;
   272                           
   273                           	psect	text1
   274  0008FA                     __ptext1:
   275                           	callstack 0
   276  0008FA                     _SYSTEM_Initialize:
   277                           	callstack 29
   278  0008FA                     
   279                           ;mcc.c: 55:     PIN_MANAGER_Initialize();
   280  0008FA  EC61  F004         	call	_PIN_MANAGER_Initialize	;wreg free
   281  0008FE  0012               	return		;funcret
   282  000900                     __end_of_SYSTEM_Initialize:
   283                           	callstack 0
   284                           
   285 ;; *************** function _PIN_MANAGER_Initialize *****************
   286 ;; Defined at:
   287 ;;		line 55 in file "pin_manager.c"
   288 ;; Parameters:    Size  Location     Type
   289 ;;		None
   290 ;; Auto vars:     Size  Location     Type
   291 ;;		None
   292 ;; Return value:  Size  Location     Type
   293 ;;                  1    wreg      void 
   294 ;; Registers used:
   295 ;;		wreg, status,2
   296 ;; Tracked objects:
   297 ;;		On entry : 0/0
   298 ;;		On exit  : 0/0
   299 ;;		Unchanged: 0/0
   300 ;; Data sizes:     COMRAM   BANK0   BANK1   BANK2   BANK3   BANK4   BANK5   BANK6   BANK7
   301 ;;      Params:         0       0       0       0       0       0       0       0       0
   302 ;;      Locals:         0       0       0       0       0       0       0       0       0
   303 ;;      Temps:          0       0       0       0       0       0       0       0       0
   304 ;;      Totals:         0       0       0       0       0       0       0       0       0
   305 ;;Total ram usage:        0 bytes
   306 ;; Hardware stack levels used: 1
   307 ;; This function calls:
   308 ;;		Nothing
   309 ;; This function is called by:
   310 ;;		_SYSTEM_Initialize
   311 ;; This function uses a non-reentrant model
   312 ;;
   313                           
   314                           	psect	text2
   315  0008C2                     __ptext2:
   316                           	callstack 0
   317  0008C2                     _PIN_MANAGER_Initialize:
   318                           	callstack 29
   319  0008C2                     
   320                           ;pin_manager.c: 60:     LATE = 0x00;
   321  0008C2  0E00               	movlw	0
   322  0008C4  6E8D               	movwf	141,c	;volatile
   323                           
   324                           ;pin_manager.c: 61:     LATD = 0x00;
   325  0008C6  0E00               	movlw	0
   326  0008C8  6E8C               	movwf	140,c	;volatile
   327                           
   328                           ;pin_manager.c: 62:     LATA = 0x00;
   329  0008CA  0E00               	movlw	0
   330  0008CC  6E89               	movwf	137,c	;volatile
   331                           
   332                           ;pin_manager.c: 63:     LATB = 0x00;
   333  0008CE  0E00               	movlw	0
   334  0008D0  6E8A               	movwf	138,c	;volatile
   335                           
   336                           ;pin_manager.c: 64:     LATC = 0x00;
   337  0008D2  0E00               	movlw	0
   338  0008D4  6E8B               	movwf	139,c	;volatile
   339                           
   340                           ;pin_manager.c: 69:     TRISE = 0x07;
   341  0008D6  0E07               	movlw	7
   342  0008D8  6E96               	movwf	150,c	;volatile
   343                           
   344                           ;pin_manager.c: 70:     TRISA = 0xFE;
   345  0008DA  0EFE               	movlw	254
   346  0008DC  6E92               	movwf	146,c	;volatile
   347                           
   348                           ;pin_manager.c: 71:     TRISB = 0xE0;
   349  0008DE  0EE0               	movlw	224
   350  0008E0  6E93               	movwf	147,c	;volatile
   351                           
   352                           ;pin_manager.c: 72:     TRISC = 0x47;
   353  0008E2  0E47               	movlw	71
   354  0008E4  6E94               	movwf	148,c	;volatile
   355  0008E6                     
   356                           ;pin_manager.c: 73:     TRISD = 0xFF;
   357  0008E6  6895               	setf	149,c	;volatile
   358  0008E8                     
   359                           ;pin_manager.c: 75:     INTCON2bits.nRBPU = 1;
   360  0008E8  8EF1               	bsf	241,7,c	;volatile
   361  0008EA  0012               	return		;funcret
   362  0008EC                     __end_of_PIN_MANAGER_Initialize:
   363                           	callstack 0
   364                           
   365                           	psect	rparam
   366  0000                     
   367                           	psect	idloc
   368                           
   369                           ;Config register IDLOC0 @ 0x200000
   370                           ;	unspecified, using default values
   371  200000                     	org	2097152
   372  200000  FF                 	db	255
   373                           
   374                           ;Config register IDLOC1 @ 0x200001
   375                           ;	unspecified, using default values
   376  200001                     	org	2097153
   377  200001  FF                 	db	255
   378                           
   379                           ;Config register IDLOC2 @ 0x200002
   380                           ;	unspecified, using default values
   381  200002                     	org	2097154
   382  200002  FF                 	db	255
   383                           
   384                           ;Config register IDLOC3 @ 0x200003
   385                           ;	unspecified, using default values
   386  200003                     	org	2097155
   387  200003  FF                 	db	255
   388                           
   389                           ;Config register IDLOC4 @ 0x200004
   390                           ;	unspecified, using default values
   391  200004                     	org	2097156
   392  200004  FF                 	db	255
   393                           
   394                           ;Config register IDLOC5 @ 0x200005
   395                           ;	unspecified, using default values
   396  200005                     	org	2097157
   397  200005  FF                 	db	255
   398                           
   399                           ;Config register IDLOC6 @ 0x200006
   400                           ;	unspecified, using default values
   401  200006                     	org	2097158
   402  200006  FF                 	db	255
   403                           
   404                           ;Config register IDLOC7 @ 0x200007
   405                           ;	unspecified, using default values
   406  200007                     	org	2097159
   407  200007  FF                 	db	255
   408                           
   409                           	psect	config
   410                           
   411                           ;Config register CONFIG1L @ 0x300000
   412                           ;	PLL Prescaler Selection bits
   413                           ;	PLLDIV = 5, Divide by 5 (20 MHz oscillator input)
   414                           ;	System Clock Postscaler Selection bits
   415                           ;	CPUDIV = OSC1_PLL2, [Primary Oscillator Src: /1][96 MHz PLL Src: /2]
   416                           ;	USB Clock Selection bit (used in Full-Speed USB mode only; UCFG:FSEN = 1)
   417                           ;	USBDIV = 2, USB clock source comes from the 96 MHz PLL divided by 2
   418  300000                     	org	3145728
   419  300000  24                 	db	36
   420                           
   421                           ;Config register CONFIG1H @ 0x300001
   422                           ;	Oscillator Selection bits
   423                           ;	FOSC = HSPLL_HS, HS oscillator, PLL enabled (HSPLL)
   424                           ;	Fail-Safe Clock Monitor Enable bit
   425                           ;	FCMEN = OFF, Fail-Safe Clock Monitor disabled
   426                           ;	Internal/External Oscillator Switchover bit
   427                           ;	IESO = OFF, Oscillator Switchover mode disabled
   428  300001                     	org	3145729
   429  300001  0E                 	db	14
   430                           
   431                           ;Config register CONFIG2L @ 0x300002
   432                           ;	Power-up Timer Enable bit
   433                           ;	PWRT = OFF, PWRT disabled
   434                           ;	Brown-out Reset Enable bits
   435                           ;	BOR = ON, Brown-out Reset enabled in hardware only (SBOREN is disabled)
   436                           ;	Brown-out Reset Voltage bits
   437                           ;	BORV = 3, Minimum setting 2.05V
   438                           ;	USB Voltage Regulator Enable bit
   439                           ;	VREGEN = ON, USB voltage regulator enabled
   440  300002                     	org	3145730
   441  300002  3F                 	db	63
   442                           
   443                           ;Config register CONFIG2H @ 0x300003
   444                           ;	Watchdog Timer Enable bit
   445                           ;	WDT = OFF, WDT disabled (control is placed on the SWDTEN bit)
   446                           ;	Watchdog Timer Postscale Select bits
   447                           ;	WDTPS = 32768, 1:32768
   448  300003                     	org	3145731
   449  300003  1E                 	db	30
   450                           
   451                           ; Padding undefined space
   452  300004                     	org	3145732
   453  300004  FF                 	db	255
   454                           
   455                           ;Config register CONFIG3H @ 0x300005
   456                           ;	CCP2 MUX bit
   457                           ;	CCP2MX = ON, CCP2 input/output is multiplexed with RC1
   458                           ;	PORTB A/D Enable bit
   459                           ;	PBADEN = OFF, PORTB<4:0> pins are configured as digital I/O on Reset
   460                           ;	Low-Power Timer 1 Oscillator Enable bit
   461                           ;	LPT1OSC = OFF, Timer1 configured for higher power operation
   462                           ;	MCLR Pin Enable bit
   463                           ;	MCLRE = ON, MCLR pin enabled; RE3 input pin disabled
   464  300005                     	org	3145733
   465  300005  81                 	db	129
   466                           
   467                           ;Config register CONFIG4L @ 0x300006
   468                           ;	Stack Full/Underflow Reset Enable bit
   469                           ;	STVREN = ON, Stack full/underflow will cause Reset
   470                           ;	Single-Supply ICSP Enable bit
   471                           ;	LVP = OFF, Single-Supply ICSP disabled
   472                           ;	Dedicated In-Circuit Debug/Programming Port (ICPORT) Enable bit
   473                           ;	ICPRT = OFF, ICPORT disabled
   474                           ;	Extended Instruction Set Enable bit
   475                           ;	XINST = OFF, Instruction set extension and Indexed Addressing mode disabled (Legacy mo
      +                          de)
   476                           ;	Background Debugger Enable bit
   477                           ;	DEBUG = 0x1, unprogrammed default
   478  300006                     	org	3145734
   479  300006  81                 	db	129
   480                           
   481                           ; Padding undefined space
   482  300007                     	org	3145735
   483  300007  FF                 	db	255
   484                           
   485                           ;Config register CONFIG5L @ 0x300008
   486                           ;	Code Protection bit
   487                           ;	CP0 = OFF, Block 0 (000800-001FFFh) is not code-protected
   488                           ;	Code Protection bit
   489                           ;	CP1 = OFF, Block 1 (002000-003FFFh) is not code-protected
   490                           ;	Code Protection bit
   491                           ;	CP2 = OFF, Block 2 (004000-005FFFh) is not code-protected
   492                           ;	Code Protection bit
   493                           ;	CP3 = OFF, Block 3 (006000-007FFFh) is not code-protected
   494  300008                     	org	3145736
   495  300008  0F                 	db	15
   496                           
   497                           ;Config register CONFIG5H @ 0x300009
   498                           ;	Boot Block Code Protection bit
   499                           ;	CPB = OFF, Boot block (000000-0007FFh) is not code-protected
   500                           ;	Data EEPROM Code Protection bit
   501                           ;	CPD = OFF, Data EEPROM is not code-protected
   502  300009                     	org	3145737
   503  300009  C0                 	db	192
   504                           
   505                           ;Config register CONFIG6L @ 0x30000A
   506                           ;	Write Protection bit
   507                           ;	WRT0 = OFF, Block 0 (000800-001FFFh) is not write-protected
   508                           ;	Write Protection bit
   509                           ;	WRT1 = OFF, Block 1 (002000-003FFFh) is not write-protected
   510                           ;	Write Protection bit
   511                           ;	WRT2 = OFF, Block 2 (004000-005FFFh) is not write-protected
   512                           ;	Write Protection bit
   513                           ;	WRT3 = OFF, Block 3 (006000-007FFFh) is not write-protected
   514  30000A                     	org	3145738
   515  30000A  0F                 	db	15
   516                           
   517                           ;Config register CONFIG6H @ 0x30000B
   518                           ;	Configuration Register Write Protection bit
   519                           ;	WRTC = OFF, Configuration registers (300000-3000FFh) are not write-protected
   520                           ;	Boot Block Write Protection bit
   521                           ;	WRTB = ON, Boot block (000000-0007FFh) is write-protected
   522                           ;	Data EEPROM Write Protection bit
   523                           ;	WRTD = OFF, Data EEPROM is not write-protected
   524  30000B                     	org	3145739
   525  30000B  A0                 	db	160
   526                           
   527                           ;Config register CONFIG7L @ 0x30000C
   528                           ;	Table Read Protection bit
   529                           ;	EBTR0 = OFF, Block 0 (000800-001FFFh) is not protected from table reads executed in ot
      +                          her blocks
   530                           ;	Table Read Protection bit
   531                           ;	EBTR1 = OFF, Block 1 (002000-003FFFh) is not protected from table reads executed in ot
      +                          her blocks
   532                           ;	Table Read Protection bit
   533                           ;	EBTR2 = OFF, Block 2 (004000-005FFFh) is not protected from table reads executed in ot
      +                          her blocks
   534                           ;	Table Read Protection bit
   535                           ;	EBTR3 = OFF, Block 3 (006000-007FFFh) is not protected from table reads executed in ot
      +                          her blocks
   536  30000C                     	org	3145740
   537  30000C  0F                 	db	15
   538                           
   539                           ;Config register CONFIG7H @ 0x30000D
   540                           ;	Boot Block Table Read Protection bit
   541                           ;	EBTRB = OFF, Boot block (000000-0007FFh) is not protected from table reads executed in
      +                           other blocks
   542  30000D                     	org	3145741
   543  30000D  40                 	db	64
   544                           tosu	equ	0xFFF
   545                           tosh	equ	0xFFE
   546                           tosl	equ	0xFFD
   547                           stkptr	equ	0xFFC
   548                           pclatu	equ	0xFFB
   549                           pclath	equ	0xFFA
   550                           pcl	equ	0xFF9
   551                           tblptru	equ	0xFF8
   552                           tblptrh	equ	0xFF7
   553                           tblptrl	equ	0xFF6
   554                           tablat	equ	0xFF5
   555                           prodh	equ	0xFF4
   556                           prodl	equ	0xFF3
   557                           indf0	equ	0xFEF
   558                           postinc0	equ	0xFEE
   559                           postdec0	equ	0xFED
   560                           preinc0	equ	0xFEC
   561                           plusw0	equ	0xFEB
   562                           fsr0h	equ	0xFEA
   563                           fsr0l	equ	0xFE9
   564                           wreg	equ	0xFE8
   565                           indf1	equ	0xFE7
   566                           postinc1	equ	0xFE6
   567                           postdec1	equ	0xFE5
   568                           preinc1	equ	0xFE4
   569                           plusw1	equ	0xFE3
   570                           fsr1h	equ	0xFE2
   571                           fsr1l	equ	0xFE1
   572                           bsr	equ	0xFE0
   573                           indf2	equ	0xFDF
   574                           postinc2	equ	0xFDE
   575                           postdec2	equ	0xFDD
   576                           preinc2	equ	0xFDC
   577                           plusw2	equ	0xFDB
   578                           fsr2h	equ	0xFDA
   579                           fsr2l	equ	0xFD9
   580                           status	equ	0xFD8

Data Sizes:
    Strings     15
    Constant    0
    Data        0
    BSS         0
    Persistent  0
    Stack       0

Auto Spaces:
    Space          Size  Autos    Used
    COMRAM           95      2       2
    BANK0           160      0       0
    BANK1           256      0       0
    BANK2           256      0       0
    BANK3           256      0       0
    BANK4           256      0       0
    BANK5           256      0       0
    BANK6           256      0       0
    BANK7           256      0       0

Pointer List with Targets:

    None.

Critical Paths under _main in COMRAM

    None.

Critical Paths under _main in BANK0

    None.

Critical Paths under _main in BANK1

    None.

Critical Paths under _main in BANK2

    None.

Critical Paths under _main in BANK3

    None.

Critical Paths under _main in BANK4

    None.

Critical Paths under _main in BANK5

    None.

Critical Paths under _main in BANK6

    None.

Critical Paths under _main in BANK7

    None.

Call Graph Tables:

 ---------------------------------------------------------------------------------
 (Depth) Function   	        Calls       Base Space   Used Autos Params    Refs
 ---------------------------------------------------------------------------------
 (0) _main                                                 2     2      0       0
                                              0 COMRAM     2     2      0
                  _SYSTEM_Initialize
 ---------------------------------------------------------------------------------
 (1) _SYSTEM_Initialize                                    0     0      0       0
             _PIN_MANAGER_Initialize
 ---------------------------------------------------------------------------------
 (2) _PIN_MANAGER_Initialize                               0     0      0       0
 ---------------------------------------------------------------------------------
 Estimated maximum stack depth 2
 ---------------------------------------------------------------------------------

 Call Graph Graphs:

 _main (ROOT)
   _SYSTEM_Initialize
     _PIN_MANAGER_Initialize

 Address spaces:
Name               Size   Autos  Total    Cost      Usage
BITCOMRAM           5F      0       0       0        0.0%
EEDATA             100      0       0       0        0.0%
NULL                 0      0       0       0        0.0%
CODE                 0      0       0       0        0.0%
COMRAM              5F      2       2       1        2.1%
STACK                0      0       0       2        0.0%
DATA                 0      0       0       3        0.0%
BITBANK0            A0      0       0       4        0.0%
BANK0               A0      0       0       5        0.0%
BITBANK1           100      0       0       6        0.0%
BANK1              100      0       0       7        0.0%
BITBANK2           100      0       0       8        0.0%
BANK2              100      0       0       9        0.0%
BITBANK3           100      0       0      10        0.0%
BANK3              100      0       0      11        0.0%
BITBANK4           100      0       0      12        0.0%
BANK4              100      0       0      13        0.0%
BITBANK5           100      0       0      14        0.0%
BANK5              100      0       0      15        0.0%
BITBANK6           100      0       0      16        0.0%
BANK6              100      0       0      17        0.0%
BITBANK7           100      0       0      18        0.0%
BANK7              100      0       0      19        0.0%
ABS                  0      0       0      20        0.0%
BIGRAM             7FF      0       0      21        0.0%
BITSFR               0      0       0     200        0.0%
SFR                  0      0       0     200        0.0%


Microchip Technology PIC18 Macro Assembler V2.32 build 20210201212658 
Symbol Table                                                                                   Wed Sep 08 22:24:48 2021

                             l58 08EA                               l66 08FE  
                             u10 0828                               u11 0822  
                             u20 0848                               u21 0842  
                             u30 086A                               u31 0864  
                             u40 088E                               u16 082A  
                             u41 0888                               u26 084A  
                             u36 086C                               u46 0890  
                             u57 08AE                              l751 08FA  
                            l745 08C2                              l761 0838  
                            l747 08E6                              l763 085A  
                            l755 0812                              l749 08E8  
                            l765 087E                              l757 0816  
                            l767 08A4                              l759 0818  
                            wreg 000FE8                             STR_1 0801  
                           _LATA 000F89                             _LATB 000F8A  
                           _LATC 000F8B                             _LATD 000F8C  
                           _LATE 000F8D                             _main 0812  
                           start 0000                     ___param_bank 000000  
                          ?_main 0001                            _TRISA 000F92  
                          _TRISB 000F93                            _TRISC 000F94  
                          _TRISD 000F95                            _TRISE 000F96  
                __initialization 08EC                     __end_of_main 08C2  
                         ??_main 0001                    __activetblptr 000001  
                         isa$std 000001                     __mediumconst 0000  
                         tblptrh 000FF7                           tblptru 000FF8  
              _SYSTEM_Initialize 08FA                       __accesstop 0060  
        __end_of__initialization 08EC               ?_SYSTEM_Initialize 0001  
                  ___rparam_used 000001                   __pcstackCOMRAM 0001  
            ??_SYSTEM_Initialize 0001        __end_of_SYSTEM_Initialize 0900  
                        __Hparam 0000                          __Lparam 0000  
                   __psmallconst 0800                          __pcinit 08EC  
                        __ramtop 0800                          __ptext0 0812  
                        __ptext1 08FA                          __ptext2 08C2  
       ??_PIN_MANAGER_Initialize 0001       __size_of_SYSTEM_Initialize 0006  
           end_of_initialization 08EC              start_initialization 08EC  
__size_of_PIN_MANAGER_Initialize 002A           _PIN_MANAGER_Initialize 08C2  
                    __smallconst 0800                         _LATAbits 000F89  
                       _LATBbits 000F8A                      _INTCON2bits 000FF1  
                       __Hrparam 0000                         __Lrparam 0000  
                   __Lsmallconst 0800                    __size_of_main 00B0  
                       isa$xinst 000000                       _INTCONbits 000FF2  
        ?_PIN_MANAGER_Initialize 0001   __end_of_PIN_MANAGER_Initialize 08EC  
